<?xml version="1.0" encoding="UTF-8"?>
<!-- Generated by org.testng.reporters.JUnitReportReporter -->
<testsuite skipped="0" hostname="Rahul_Kumar-PC" name="TestNg_Tests.TestNG_LoginCheck" tests="2" failures="0" timestamp="11 Oct 2017 12:21:27 GMT" time="9.345" errors="0">
  <testcase name="testAccountCreation" time="5.553" classname="TestNg_Tests.TestNG_LoginCheck"/>
  <testcase name="testForgotPassword" time="3.792" classname="TestNg_Tests.TestNG_LoginCheck"/>
</testsuite> <!-- TestNg_Tests.TestNG_LoginCheck -->
