<?xml version="1.0" encoding="UTF-8"?>
<!-- Generated by org.testng.reporters.JUnitReportReporter -->
<testsuite skipped="0" hostname="Rahul_Kumar-PC" name="seltest.tests.testscripts.SaleniumDao" tests="2" failures="0" timestamp="10 Oct 2017 06:16:26 GMT" time="0.025" errors="0">
  <testcase name="testCase1" time="0.024" classname="seltest.tests.testscripts.SaleniumDao"/>
  <testcase name="testCase2" time="0.001" classname="seltest.tests.testscripts.SaleniumDao"/>
</testsuite> <!-- seltest.tests.testscripts.SaleniumDao -->
