<?xml version="1.0" encoding="UTF-8"?>
<!-- Generated by org.testng.reporters.JUnitReportReporter -->
<testsuite skipped="0" hostname="Rahul_Kumar-PC" name="seltest.tests.testscripts.HardAssertions" tests="2" failures="0" timestamp="10 Oct 2017 06:34:42 GMT" time="0.018" errors="0">
  <testcase name="test2" time="0.001" classname="seltest.tests.testscripts.HardAssertions"/>
  <testcase name="test1" time="0.017" classname="seltest.tests.testscripts.HardAssertions"/>
</testsuite> <!-- seltest.tests.testscripts.HardAssertions -->
